  RedVector.cpp
  RedUtil.cpp
f:\red\github\redengine\redengine\redenginecore\redutil.cpp(33): warning C4996: 'vsprintf': This function or variable may be unsafe. Consider using vsprintf_s instead. To disable deprecation, use _CRT_SECURE_NO_WARNINGS. See online help for details.
  c:\program files (x86)\windows kits\10\include\10.0.10240.0\ucrt\stdio.h(1465): note: 'vsprintf' の宣言を確認してください
  RedMatrix.cpp
  RedMath.cpp
  RedMaterial.cpp
f:\red\github\redengine\redengine\redenginecore\redmaterial.cpp(24): warning C4244: '初期化中': 'Red::RFloat' から 'Red::RInt' への変換です。データが失われる可能性があります。
f:\red\github\redengine\redengine\redenginecore\redmaterial.cpp(25): warning C4244: '初期化中': 'Red::RFloat' から 'Red::RInt' への変換です。データが失われる可能性があります。
f:\red\github\redengine\redengine\redenginecore\redmaterial.cpp(120): warning C4477: 'sscanf' : 書式文字列 '%f' には、型 'float *' の引数が必要ですが、可変個引数 2 は型 'Red::RUChar *' です
f:\red\github\redengine\redengine\redenginecore\redmaterial.cpp(120): warning C4477: 'sscanf' : 書式文字列 '%f' には、型 'float *' の引数が必要ですが、可変個引数 3 は型 'Red::RUChar *' です
f:\red\github\redengine\redengine\redenginecore\redmaterial.cpp(120): warning C4477: 'sscanf' : 書式文字列 '%f' には、型 'float *' の引数が必要ですが、可変個引数 4 は型 'Red::RUChar *' です
f:\red\github\redengine\redengine\redenginecore\redmaterial.cpp(120): warning C4996: 'sscanf': This function or variable may be unsafe. Consider using sscanf_s instead. To disable deprecation, use _CRT_SECURE_NO_WARNINGS. See online help for details.
  c:\program files (x86)\windows kits\10\include\10.0.10240.0\ucrt\stdio.h(2254): note: 'sscanf' の宣言を確認してください
f:\red\github\redengine\redengine\redenginecore\redmaterial.cpp(131): warning C4477: 'sscanf' : 書式文字列 '%f' には、型 'float *' の引数が必要ですが、可変個引数 2 は型 'Red::RUChar *' です
f:\red\github\redengine\redengine\redenginecore\redmaterial.cpp(131): warning C4477: 'sscanf' : 書式文字列 '%f' には、型 'float *' の引数が必要ですが、可変個引数 3 は型 'Red::RUChar *' です
f:\red\github\redengine\redengine\redenginecore\redmaterial.cpp(131): warning C4477: 'sscanf' : 書式文字列 '%f' には、型 'float *' の引数が必要ですが、可変個引数 4 は型 'Red::RUChar *' です
f:\red\github\redengine\redengine\redenginecore\redmaterial.cpp(131): warning C4996: 'sscanf': This function or variable may be unsafe. Consider using sscanf_s instead. To disable deprecation, use _CRT_SECURE_NO_WARNINGS. See online help for details.
  c:\program files (x86)\windows kits\10\include\10.0.10240.0\ucrt\stdio.h(2254): note: 'sscanf' の宣言を確認してください
f:\red\github\redengine\redengine\redenginecore\redmaterial.cpp(142): warning C4477: 'sscanf' : 書式文字列 '%f' には、型 'float *' の引数が必要ですが、可変個引数 2 は型 'Red::RUChar *' です
f:\red\github\redengine\redengine\redenginecore\redmaterial.cpp(142): warning C4477: 'sscanf' : 書式文字列 '%f' には、型 'float *' の引数が必要ですが、可変個引数 3 は型 'Red::RUChar *' です
f:\red\github\redengine\redengine\redenginecore\redmaterial.cpp(142): warning C4477: 'sscanf' : 書式文字列 '%f' には、型 'float *' の引数が必要ですが、可変個引数 4 は型 'Red::RUChar *' です
f:\red\github\redengine\redengine\redenginecore\redmaterial.cpp(142): warning C4996: 'sscanf': This function or variable may be unsafe. Consider using sscanf_s instead. To disable deprecation, use _CRT_SECURE_NO_WARNINGS. See online help for details.
  c:\program files (x86)\windows kits\10\include\10.0.10240.0\ucrt\stdio.h(2254): note: 'sscanf' の宣言を確認してください
f:\red\github\redengine\redengine\redenginecore\redmaterial.cpp(154): warning C4996: 'sscanf': This function or variable may be unsafe. Consider using sscanf_s instead. To disable deprecation, use _CRT_SECURE_NO_WARNINGS. See online help for details.
  c:\program files (x86)\windows kits\10\include\10.0.10240.0\ucrt\stdio.h(2254): note: 'sscanf' の宣言を確認してください
  RedLight.cpp
  RedGraphics.cpp
  RedFrustum.cpp
  RedCore.cpp
f:\red\github\redengine\redengine\redenginecore\redcore.cpp(253): warning C4552: '/': 演算子にプログラム上の作用がありません。作用を伴う演算子を使用してください
f:\red\github\redengine\redengine\redenginecore\redcore.cpp(536): warning C4244: '+=': 'Red::RFloat' から 'Red::RInt' への変換です。データが失われる可能性があります。
f:\red\github\redengine\redengine\redenginecore\redcore.cpp(537): warning C4244: '+=': 'Red::RFloat' から 'Red::RInt' への変換です。データが失われる可能性があります。
f:\red\github\redengine\redengine\redenginecore\redcore.cpp(538): warning C4244: '+=': 'Red::RFloat' から 'Red::RInt' への変換です。データが失われる可能性があります。
f:\red\github\redengine\redengine\redenginecore\redcore.cpp(542): warning C4244: '+=': 'Red::RFloat' から 'Red::RInt' への変換です。データが失われる可能性があります。
f:\red\github\redengine\redengine\redenginecore\redcore.cpp(543): warning C4244: '+=': 'Red::RFloat' から 'Red::RInt' への変換です。データが失われる可能性があります。
f:\red\github\redengine\redengine\redenginecore\redcore.cpp(544): warning C4244: '+=': 'Red::RFloat' から 'Red::RInt' への変換です。データが失われる可能性があります。
f:\red\github\redengine\redengine\redenginecore\redcore.cpp(557): warning C4244: '+=': 'Red::RFloat' から 'Red::RInt' への変換です。データが失われる可能性があります。
f:\red\github\redengine\redengine\redenginecore\redcore.cpp(558): warning C4244: '+=': 'Red::RFloat' から 'Red::RInt' への変換です。データが失われる可能性があります。
f:\red\github\redengine\redengine\redenginecore\redcore.cpp(559): warning C4244: '+=': 'Red::RFloat' から 'Red::RInt' への変換です。データが失われる可能性があります。
f:\red\github\redengine\redengine\redenginecore\redcore.cpp(563): warning C4244: '+=': 'Red::RFloat' から 'Red::RInt' への変換です。データが失われる可能性があります。
f:\red\github\redengine\redengine\redenginecore\redcore.cpp(564): warning C4244: '+=': 'Red::RFloat' から 'Red::RInt' への変換です。データが失われる可能性があります。
f:\red\github\redengine\redengine\redenginecore\redcore.cpp(565): warning C4244: '+=': 'Red::RFloat' から 'Red::RInt' への変換です。データが失われる可能性があります。
f:\red\github\redengine\redengine\redenginecore\redcore.cpp(824): warning C4244: '引数': 'Red::RFloat' から 'Red::RInt' への変換です。データが失われる可能性があります。
f:\red\github\redengine\redengine\redenginecore\redcore.cpp(826): warning C4244: '引数': 'Red::RFloat' から 'Red::RInt' への変換です。データが失われる可能性があります。
f:\red\github\redengine\redengine\redenginecore\redcore.cpp(828): warning C4244: '引数': 'Red::RFloat' から 'Red::RInt' への変換です。データが失われる可能性があります。
f:\red\github\redengine\redengine\redenginecore\redcore.cpp(845): warning C4244: '引数': 'Red::RFloat' から 'Red::RInt' への変換です。データが失われる可能性があります。
f:\red\github\redengine\redengine\redenginecore\redcore.cpp(847): warning C4244: '引数': 'Red::RFloat' から 'Red::RInt' への変換です。データが失われる可能性があります。
f:\red\github\redengine\redengine\redenginecore\redcore.cpp(849): warning C4244: '引数': 'Red::RFloat' から 'Red::RInt' への変換です。データが失われる可能性があります。
f:\red\github\redengine\redengine\redenginecore\redcore.cpp(877): warning C4244: '引数': 'Red::RFloat' から 'Red::RInt' への変換です。データが失われる可能性があります。
f:\red\github\redengine\redengine\redenginecore\redcore.cpp(896): warning C4244: '引数': 'Red::RFloat' から 'Red::RInt' への変換です。データが失われる可能性があります。
f:\red\github\redengine\redengine\redenginecore\redcore.cpp(952): warning C4244: '引数': 'Red::RFloat' から 'Red::RInt' への変換です。データが失われる可能性があります。
f:\red\github\redengine\redengine\redenginecore\redcore.cpp(953): warning C4244: '引数': 'Red::RFloat' から 'Red::RInt' への変換です。データが失われる可能性があります。
f:\red\github\redengine\redengine\redenginecore\redcore.cpp(989): warning C4244: '=': 'Red::RInt' から 'Red::RFloat' への変換です。データが失われる可能性があります。
f:\red\github\redengine\redengine\redenginecore\redcore.cpp(990): warning C4244: '=': 'Red::RInt' から 'Red::RFloat' への変換です。データが失われる可能性があります。
f:\red\github\redengine\redengine\redenginecore\redcore.cpp(1030): warning C4244: '引数': 'Red::RFloat' から 'Red::RInt' への変換です。データが失われる可能性があります。
f:\red\github\redengine\redengine\redenginecore\redcore.cpp(1033): warning C4244: '引数': 'Red::RFloat' から 'Red::RInt' への変換です。データが失われる可能性があります。
f:\red\github\redengine\redengine\redenginecore\redcore.cpp(1101): warning C4244: '引数': 'Red::RFloat' から 'Red::RInt' への変換です。データが失われる可能性があります。
f:\red\github\redengine\redengine\redenginecore\redcore.cpp(1102): warning C4244: '引数': 'Red::RFloat' から 'Red::RInt' への変換です。データが失われる可能性があります。
f:\red\github\redengine\redengine\redenginecore\redcore.cpp(1137): warning C4244: '=': 'Red::RInt' から 'Red::RFloat' への変換です。データが失われる可能性があります。
f:\red\github\redengine\redengine\redenginecore\redcore.cpp(1138): warning C4244: '=': 'Red::RInt' から 'Red::RFloat' への変換です。データが失われる可能性があります。
f:\red\github\redengine\redengine\redenginecore\redcore.cpp(1178): warning C4244: '引数': 'Red::RFloat' から 'Red::RInt' への変換です。データが失われる可能性があります。
f:\red\github\redengine\redengine\redenginecore\redcore.cpp(1181): warning C4244: '引数': 'Red::RFloat' から 'Red::RInt' への変換です。データが失われる可能性があります。
  コードを生成中...
  RedEngineCore.vcxproj -> F:\Red\Github\RedEngine\RedEngine\Debug\RedEngineCore.lib
